<?xml version="1.0" encoding="UTF-8"?>
<testng-results ignored="0" total="0" passed="0" failed="0" skipped="0">
  <reporter-output>
  </reporter-output>
  <suite started-at="2024-11-22T23:28:44 IST" name="Calculator Suite" finished-at="2024-11-22T23:28:44 IST" duration-ms="11">
    <groups>
    </groups>
    <test started-at="2024-11-22T23:28:44 IST" name="Calculator Test" finished-at="2024-11-22T23:28:44 IST" duration-ms="11">
    </test> <!-- Calculator Test -->
  </suite> <!-- Calculator Suite -->
</testng-results>
